<?xml version="1.0" encoding="UTF-8"?>
<!-- Generated by org.testng.reporters.JUnitReportReporter -->
<testsuite skipped="0" hostname="kishore-raven" name="com.search.by.image.test.uploadSearch" tests="3" failures="0" timestamp="2021-01-22T00:47:06 IST" time="24.738" errors="0">
  <testcase name="verifyTitle" time="2.025" classname="com.search.by.image.test.uploadSearch"/>
  <system-out/>
  <testcase name="validateMessage" time="7.669" classname="com.search.by.image.test.uploadSearch"/>
  <system-out/>
  <testcase name="searchImage" time="15.044" classname="com.search.by.image.test.uploadSearch"/>
  <system-out/>
</testsuite> <!-- com.search.by.image.test.uploadSearch -->
