<?xml version="1.0" encoding="UTF-8"?>
<!-- Generated by org.testng.reporters.JUnitReportReporter -->
<testsuite skipped="0" hostname="kishore-raven" name="com.search.by.image.test.uploadSearch" tests="4" failures="0" timestamp="2021-01-22T14:45:46 IST" time="43.195" errors="0">
  <testcase name="validateMessage" time="3.523" classname="com.search.by.image.test.uploadSearch"/>
  <system-out>
About 786 results (1.01 seconds)   </system-out>
  <testcase name="searchImage" time="32.778" classname="com.search.by.image.test.uploadSearch"/>
  <system-out/>
  <testcase name="verifyTitle" time="2.625" classname="com.search.by.image.test.uploadSearch"/>
  <system-out/>
  <testcase name="countLink" time="4.269" classname="com.search.by.image.test.uploadSearch"/>
  <system-out>
Total No.of Links105  </system-out>
</testsuite> <!-- com.search.by.image.test.uploadSearch -->
